<?xml version="1.0" encoding="UTF-8"?>
<!-- Generated by org.testng.reporters.JUnitReportReporter -->
<testsuite hostname="LAPTOP-20SHTRE1" failures="0" tests="2" name="Hotyel_loctaion_test" time="8.440" errors="0" timestamp="2022-01-06T15:36:32 IST" skipped="0">
  <testcase classname="Hotyel_loctaion_test" name="goShoppingInAustin" time="2.349"/>
  <system-out/>
  <testcase classname="Hotyel_loctaion_test" name="chrom_dev" time="6.091"/>
  <system-out/>
</testsuite> <!-- Hotyel_loctaion_test -->
