<?xml version="1.0" encoding="UTF-8"?>
<!-- Generated by org.testng.reporters.JUnitReportReporter -->
<testsuite hostname="LAPTOP-20SHTRE1" failures="0" tests="1" name="chromedevtest" time="9.515" errors="0" timestamp="2022-01-05T15:59:31 IST" skipped="0">
  <testcase classname="chromedevtest" name="chrom_dev" time="9.515"/>
  <system-out/>
</testsuite> <!-- chromedevtest -->
