<?xml version="1.0" encoding="UTF-8"?>
<!-- Generated by org.testng.reporters.JUnitReportReporter -->
<testsuite hostname="LAPTOP-20SHTRE1" failures="0" tests="1" name="Devtools_without_selelnium_method" time="10.230" errors="0" timestamp="2022-01-05T22:31:30 IST" skipped="0">
  <testcase classname="Devtools_without_selelnium_method" name="chrom_dev" time="10.230"/>
  <system-out/>
</testsuite> <!-- Devtools_without_selelnium_method -->
