<?xml version="1.0" encoding="UTF-8"?>
<!-- Generated by org.testng.reporters.JUnitReportReporter -->
<testsuite hostname="LAPTOP-20SHTRE1" failures="0" tests="1" name="loaction_change_devtools" time="10.068" errors="0" timestamp="2022-01-06T15:59:07 IST" skipped="0">
  <testcase classname="loaction_change_devtools" name="chrom_dev" time="10.068"/>
  <system-out/>
</testsuite> <!-- loaction_change_devtools -->
